build/app/outputs/mapping/release/seeds.txt
com.express.thynktech.MainActivity
com.express.thynktech.MainActivity: MainActivity()
...
com.google.android.gms.internal.firebase-auth-api.zzaka: void remove()
io.flutter.embedding.engine.systemchannels.PlatformChannel$ClipboardContentFormat: io.flutter.embedding.engine.systemchannels.PlatformChannel$ClipboardContentFormat[] values()
com.google.android.gms.internal.fido.zzbg: java.lang.Object ceilingKey(java.lang.Object)
com.google.android.gms.common.server.response.FastJsonResponse: void zaq(com.google.android.gms.common.server.response.FastJsonResponse$Field,float)
com.google.android.gms.internal.maps.zzi: com.google.android.gms.dynamic.IObjectWrapper zzi(java.lang.String)
com.google.android.gms.internal.firebase-auth-api.zzpq: boolean hasNext()
com.pichillilorenzo.flutter_inappwebview_android.webview.WebViewChannelDelegate$ReceivedHttpAuthRequestCallback: WebViewChannelDelegate$ReceivedHttpAuthRequestCallback()
com.google.android.gms.internal.firebase-auth-api.zzqq: com.google.android.gms.internal.firebase-auth-api.zzqp zza(com.google.android.gms.internal.firebase-auth-api.zzqu,java.lang.Integer)
com.google.android.gms.common.api.Api$AbstractClientBuilder: com.google.android.gms.common.api.Api$Client buildClient(android.content.Context,android.os.Looper,com.google.android.gms.common.internal.ClientSettings,java.lang.Object,com.google.android.gms.common.api.GoogleApiClient$ConnectionCallbacks,com.google.android.gms.common.api.GoogleApiClient$OnConnectionFailedListener)
com.google.android.gms.internal.firebase-auth-api.zzadk: void zza(com.google.android.gms.tasks.TaskCompletionSource,com.google.android.gms.internal.firebase-auth-api.zzaeo)
com.google.android.gms.internal.firebase-auth-api.zzau: java.lang.Object get(int)
com.google.android.gms.internal.firebase-auth-api.zzks: com.google.android.gms.internal.firebase-auth-api.zzbb zza()
com.google.android.gms.internal.firebase-auth-api.zzvh: com.google.android.gms.internal.firebase-auth-api.zzvh zzb()
com.google.android.gms.internal.firebase-auth-api.zzwj: com.google.android.gms.internal.firebase-auth-api.zzwj[] values()
com.google.android.gms.internal.maps.zzam: int zzi()
com.google.android.gms.internal.firebase-auth-api.zzaoc: boolean zza(byte)
com.google.android.gms.internal.firebase-auth-api.zzhu: zzhu(byte[],int)
com.google.android.recaptcha.internal.zzlf: int zzj()
com.google.android.gms.internal.firebase-auth-api.zzajr: int zza(int,byte[],int,int,com.google.android.gms.internal.firebase-auth-api.zzalm,com.google.android.gms.internal.firebase-auth-api.zzaju)
com.google.android.gms.internal.common.zzt: int zzc(int)
com.google.android.gms.internal.auth.zzhw: java.lang.Object zza()
com.google.android.gms.internal.fido.zzbg: java.util.Set entrySet()
com.pichillilorenzo.flutter_inappwebview_android.webview.WebViewChannelDelegate$RenderProcessResponsiveCallback: java.lang.Integer decodeResult(java.lang.Object)
com.google.android.gms.internal.firebase-auth-api.zzamz: zzamz(com.google.android.gms.internal.firebase-auth-api.zzamm,java.lang.String,java.lang.Object[])
com.google.android.gms.internal.auth.zzbd: zzbd()
com.google.android.gms.internal.firebase-auth-api.zziz: zziz(java.lang.String,int,com.google.android.gms.internal.firebase-auth-api.zziy)
com.google.android.gms.internal.firebase-auth-api.zzbw: zzbw(com.google.android.gms.internal.firebase-auth-api.zzxh$zza)
io.flutter.embedding.engine.FlutterJNI: void prefetchDefaultFontManager()
com.google.android.gms.tasks.Task: com.google.android.gms.tasks.Task addOnCompleteListener(com.google.android.gms.tasks.OnCompleteListener)
com.google.android.gms.internal.firebase-auth-api.zzakl: com.google.android.gms.internal.firebase-auth-api.zzakl zza(com.google.android.gms.internal.firebase-auth-api.zzakh)
com.google.android.gms.internal.auth.zzav: zzav(int,java.lang.String,int)
com.google.android.gms.internal.auth.zzew: void add(int,java.lang.Object)
com.google.android.recaptcha.internal.zzep: void run()